Arguments: 
  /home/wayne/.volta/tools/image/node/16.13.2/bin/node /home/wayne/.volta/tools/image/yarn/1.22.17/bin/yarn.js add fp-ts-std

PATH: 
  /home/wayne/.volta/tools/image/yarn/1.22.17/bin:/home/wayne/.volta/tools/image/node/16.13.2/bin:/home/wayne/.nix-profile/bin:/home/linuxbrew/.linuxbrew/bin:/home/linuxbrew/.linuxbrew/sbin:/home/wayne/Android/Sdk/emulator:/home/wayne/Android/Sdk/platform-tools:/home/wayne/Android/Sdk/tools/bin:/home/wayne/.local/bin:/home/wayne/.volta/bin:/snap/android-studio/current/android-studio//bin:/home/linuxbrew/.linuxbrew/bin:/home/linuxbrew/.linuxbrew/sbin:/home/wayne/.cargo/bin:/usr/local/sbin:/usr/local/bin:/usr/sbin:/usr/bin:/sbin:/bin:/usr/games:/usr/local/games:/snap/bin:/snap/bin

Yarn version: 
  1.22.17

Node version: 
  16.13.2

Platform: 
  linux x64

Trace: 
  Error: ENOENT: no such file or directory, copyfile '/home/wayne/.cache/yarn/v6/npm-ansi-styles-3.2.1-41fbb20243e50b12be0f04b8dedbf07520ce841d-integrity/node_modules/ansi-styles/index.js' -> '/home/wayne/code/fp-ts-test/node_modules/docs-ts/node_modules/ansi-styles/index.js'

npm manifest: 
  {
    "name": "fp-ts-quickcheck",
    "main": "dist/cjs/index.js",
    "module": "dist/es6/index.js",
    "types": "dist/cjs/index.d.ts",
    "homepage": "https://github.com/fp-ts-quickcheck",
    "version": "0.1.0",
    "scripts": {
      "build": "rm -rf dist && tsc -p tsconfig.es6.json & tsc -p tsconfig.cjs.json",
      "test": "jest",
      "docs": "docs-ts",
      "prepublish": "yarn build && yarn test && yarn docs"
    },
    "files": [
      "dist"
    ],
    "devDependencies": {
      "@types/jest": "^27.0.2",
      "@types/node": "^16.10.1",
      "docs-ts": "^0.6.10",
      "fast-check": "^2.17.0",
      "jest": "^27.2.2",
      "prettier": "^2.4.1",
      "ts-jest": "^27.0.5",
      "ts-node": "^10.2.1",
      "typescript": "^4.4.3"
    },
    "dependencies": {
      "@no-day/fp-ts-generators": "^0.1.0-rc.4",
      "@no-day/fp-ts-lcg": "^1.0.0-rc.2",
      "fp-ts": "^2.11.4",
      "monocle-ts": "^2.3.11"
    }
  }

yarn manifest: 
  No manifest

Lockfile: 
  No lockfile
